[0.834s] Invoking command in '/workspaces/test_ws/lanarvi/src/nmea_navsat_driver': PYTHONPATH=/workspaces/test_ws/lanarvi/build/nmea_navsat_driver/prefix_override:/workspaces/test_ws/lanarvi/install/nmea_navsat_driver/lib/python3.10/site-packages:${PYTHONPATH} /usr/bin/python3 setup.py egg_info --egg-base ../../build/nmea_navsat_driver build --build-base /workspaces/test_ws/lanarvi/build/nmea_navsat_driver/build install --record /workspaces/test_ws/lanarvi/build/nmea_navsat_driver/install.log --single-version-externally-managed
[1.047s] running egg_info
[1.048s] writing ../../build/nmea_navsat_driver/nmea_navsat_driver.egg-info/PKG-INFO
[1.048s] writing dependency_links to ../../build/nmea_navsat_driver/nmea_navsat_driver.egg-info/dependency_links.txt
[1.048s] writing entry points to ../../build/nmea_navsat_driver/nmea_navsat_driver.egg-info/entry_points.txt
[1.049s] writing requirements to ../../build/nmea_navsat_driver/nmea_navsat_driver.egg-info/requires.txt
[1.049s] writing top-level names to ../../build/nmea_navsat_driver/nmea_navsat_driver.egg-info/top_level.txt
[1.050s] reading manifest file '../../build/nmea_navsat_driver/nmea_navsat_driver.egg-info/SOURCES.txt'
[1.051s] writing manifest file '../../build/nmea_navsat_driver/nmea_navsat_driver.egg-info/SOURCES.txt'
[1.051s] running build
[1.051s] running build_py
[1.052s] running install
[1.052s] /usr/lib/python3/dist-packages/setuptools/command/install.py:34: SetuptoolsDeprecationWarning: setup.py install is deprecated. Use build and pip and other standards-based tools.
[1.052s]   warnings.warn(
[1.052s] running install_lib
[1.053s] running install_data
[1.054s] running install_egg_info
[1.055s] removing '/workspaces/test_ws/lanarvi/install/nmea_navsat_driver/lib/python3.10/site-packages/nmea_navsat_driver-2.0.0-py3.10.egg-info' (and everything under it)
[1.055s] Copying ../../build/nmea_navsat_driver/nmea_navsat_driver.egg-info to /workspaces/test_ws/lanarvi/install/nmea_navsat_driver/lib/python3.10/site-packages/nmea_navsat_driver-2.0.0-py3.10.egg-info
[1.056s] running install_scripts
[1.077s] Installing nmea_serial_driver script to /workspaces/test_ws/lanarvi/install/nmea_navsat_driver/lib/nmea_navsat_driver
[1.077s] Installing nmea_socket_driver script to /workspaces/test_ws/lanarvi/install/nmea_navsat_driver/lib/nmea_navsat_driver
[1.077s] Installing nmea_tcpclient_driver script to /workspaces/test_ws/lanarvi/install/nmea_navsat_driver/lib/nmea_navsat_driver
[1.077s] Installing nmea_topic_driver script to /workspaces/test_ws/lanarvi/install/nmea_navsat_driver/lib/nmea_navsat_driver
[1.077s] Installing nmea_topic_serial_reader script to /workspaces/test_ws/lanarvi/install/nmea_navsat_driver/lib/nmea_navsat_driver
[1.077s] writing list of installed files to '/workspaces/test_ws/lanarvi/build/nmea_navsat_driver/install.log'
