[0.433s] Invoking command in '/workspaces/test_ws/lanarvi/build/pointcloud_pipeline': CMAKE_PREFIX_PATH=/opt/ros/humble /usr/bin/cmake --build /workspaces/test_ws/lanarvi/build/pointcloud_pipeline -- -j16 -l16
[0.489s] [ 50%] [32mBuilding CXX object CMakeFiles/perception_node.dir/src/perception_node.cpp.o[0m
[5.743s] In file included from [01m[K/opt/ros/humble/include/rclcpp/rclcpp/logging.hpp:24[m[K,
[5.743s]                  from [01m[K/opt/ros/humble/include/rclcpp/rclcpp/client.hpp:40[m[K,
[5.743s]                  from [01m[K/opt/ros/humble/include/rclcpp/rclcpp/callback_group.hpp:24[m[K,
[5.743s]                  from [01m[K/opt/ros/humble/include/rclcpp/rclcpp/any_executable.hpp:20[m[K,
[5.743s]                  from [01m[K/opt/ros/humble/include/rclcpp/rclcpp/memory_strategy.hpp:25[m[K,
[5.743s]                  from [01m[K/opt/ros/humble/include/rclcpp/rclcpp/memory_strategies.hpp:18[m[K,
[5.743s]                  from [01m[K/opt/ros/humble/include/rclcpp/rclcpp/executor_options.hpp:20[m[K,
[5.743s]                  from [01m[K/opt/ros/humble/include/rclcpp/rclcpp/executor.hpp:37[m[K,
[5.743s]                  from [01m[K/opt/ros/humble/include/rclcpp/rclcpp/executors/multi_threaded_executor.hpp:25[m[K,
[5.743s]                  from [01m[K/opt/ros/humble/include/rclcpp/rclcpp/executors.hpp:21[m[K,
[5.744s]                  from [01m[K/opt/ros/humble/include/rclcpp/rclcpp/rclcpp.hpp:155[m[K,
[5.744s]                  from [01m[K/workspaces/test_ws/lanarvi/src/pointcloud_pipeline/src/perception_node.cpp:1[m[K:
[5.744s] [01m[K/workspaces/test_ws/lanarvi/src/pointcloud_pipeline/src/perception_node.cpp:[m[K In member function ‘[01m[Kvoid PerceptionNode::cloud_callback(sensor_msgs::msg::PointCloud2_<std::allocator<void> >::ConstSharedPtr)[m[K’:
[5.744s] [01m[K/workspaces/test_ws/lanarvi/src/pointcloud_pipeline/src/perception_node.cpp:137:45:[m[K [01;35m[Kwarning: [m[Kformat ‘[01m[K%s[m[K’ expects argument of type ‘[01m[Kchar*[m[K’, but argument 5 has type ‘[01m[Kstd::string[m[K’ {aka ‘[01m[Kstd::__cxx11::basic_string<char>[m[K’} [[01;35m[K]8;;https://gcc.gnu.org/onlinedocs/gcc/Warning-Options.html#index-Wformat=-Wformat=]8;;[m[K]
[5.744s]   137 |             RCLCPP_INFO(this->get_logger(), [01;35m[K"Cloud service called; getting a PointCloud2 on topic %s"[m[K, cloud_topic);
[5.744s]       |                                             [01;35m[K^~~~~~~~~~~~~~~~~~~~~~~~~~~~~~~~~~~~~~~~~~~~~~~~~~~~~~~~~[m[K
[5.744s] [01m[K/workspaces/test_ws/lanarvi/src/pointcloud_pipeline/src/perception_node.cpp:137:100:[m[K [01;36m[Knote: [m[Kformat string is defined here
[5.744s]   137 |             RCLCPP_INFO(this->get_logger(), "Cloud service called; getting a PointCloud2 on topic [01;36m[K%s[m[K", cloud_topic);
[5.744s]       |                                                                                                   [01;36m[K~^[m[K
[5.744s]       |                                                                                                    [01;36m[K|[m[K
[5.744s]       |                                                                                                    [01;36m[Kchar*[m[K
[12.841s] [100%] [32m[1mLinking CXX executable perception_node[0m
[13.695s] [100%] Built target perception_node
