[0.036s] Invoking command in '/workspaces/test_ws/lanarvi/build/ceol_base': CMAKE_PREFIX_PATH=/opt/ros/humble /usr/bin/cmake /workspaces/test_ws/lanarvi/src/ceol_base -DCMAKE_INSTALL_PREFIX=/workspaces/test_ws/lanarvi/install/ceol_base
[0.460s] -- The C compiler identification is GNU 11.3.0
[0.460s] -- The CXX compiler identification is GNU 11.3.0
[0.460s] -- Detecting C compiler ABI info
[0.460s] -- Detecting C compiler ABI info - done
[0.460s] -- Check for working C compiler: /usr/bin/cc - skipped
[0.460s] -- Detecting C compile features
[0.460s] -- Detecting C compile features - done
[0.460s] -- Detecting CXX compiler ABI info
[0.460s] -- Detecting CXX compiler ABI info - done
[0.460s] -- Check for working CXX compiler: /usr/bin/c++ - skipped
[0.461s] -- Detecting CXX compile features
[0.461s] -- Detecting CXX compile features - done
[0.461s] -- Found ament_cmake: 1.3.4 (/opt/ros/humble/share/ament_cmake/cmake)
[0.461s] -- Found Python3: /usr/bin/python3.10 (found version "3.10.6") found components: Interpreter 
[0.482s] -- Found rclcpp: 16.0.4 (/opt/ros/humble/share/rclcpp/cmake)
[0.535s] -- Found rosidl_generator_c: 3.1.4 (/opt/ros/humble/share/rosidl_generator_c/cmake)
[0.542s] -- Found rosidl_adapter: 3.1.4 (/opt/ros/humble/share/rosidl_adapter/cmake)
[0.554s] -- Found rosidl_generator_cpp: 3.1.4 (/opt/ros/humble/share/rosidl_generator_cpp/cmake)
[0.573s] -- Using all available rosidl_typesupport_c: rosidl_typesupport_fastrtps_c;rosidl_typesupport_introspection_c
[0.596s] -- Using all available rosidl_typesupport_cpp: rosidl_typesupport_fastrtps_cpp;rosidl_typesupport_introspection_cpp
[0.670s] -- Found rmw_implementation_cmake: 6.1.1 (/opt/ros/humble/share/rmw_implementation_cmake/cmake)
[0.673s] -- Found rmw_fastrtps_cpp: 6.2.2 (/opt/ros/humble/share/rmw_fastrtps_cpp/cmake)
[0.777s] -- Found OpenSSL: /usr/lib/x86_64-linux-gnu/libcrypto.so (found version "3.0.2")  
[0.803s] -- Found FastRTPS: /opt/ros/humble/include  
[0.865s] -- Using RMW implementation 'rmw_fastrtps_cpp' as default
[0.877s] -- Looking for pthread.h
[0.938s] -- Looking for pthread.h - found
[0.939s] -- Performing Test CMAKE_HAVE_LIBC_PTHREAD
[0.993s] -- Performing Test CMAKE_HAVE_LIBC_PTHREAD - Success
[0.995s] -- Found Threads: TRUE  
[1.183s] -- Found can_msgs: 2.0.0 (/opt/ros/humble/share/can_msgs/cmake)
[1.232s] -- Found nav_msgs: 4.2.3 (/opt/ros/humble/share/nav_msgs/cmake)
[1.357s] -- Found tf2_ros: 0.25.2 (/opt/ros/humble/share/tf2_ros/cmake)
[1.724s] -- Found sensor_msgs: 4.2.3 (/opt/ros/humble/share/sensor_msgs/cmake)
[1.806s] -- Found ament_lint_auto: 0.12.6 (/opt/ros/humble/share/ament_lint_auto/cmake)
[1.866s] -- Added test 'cppcheck' to perform static code analysis on C / C++ code
[1.866s] -- Configured cppcheck include dirs: $<BUILD_INTERFACE:/workspaces/test_ws/lanarvi/src/ceol_base/include/ceol_base>
[1.866s] -- Configured cppcheck exclude dirs and/or files: 
[1.867s] -- Added test 'lint_cmake' to check CMake code style
[1.867s] -- Added test 'uncrustify' to check C / C++ code style
[1.867s] -- Configured uncrustify additional arguments: 
[1.868s] -- Added test 'xmllint' to check XML markup files
[1.868s] -- Configuring done
[1.878s] -- Generating done
[1.879s] -- Build files have been written to: /workspaces/test_ws/lanarvi/build/ceol_base
