[0.433s] Invoking command in '/workspaces/test_ws/lanarvi/build/sick_scan': CMAKE_PREFIX_PATH=/opt/ros/humble /usr/bin/cmake /workspaces/test_ws/lanarvi/src/sick_scan_xd -DCMAKE_INSTALL_PREFIX=/workspaces/test_ws/lanarvi/install/sick_scan
[0.447s] -- Option CMAKE_ENABLE_EMULATOR = , building sick_scan without emulator support, ENABLE_EMULATOR=OFF
[0.447s] -- Found ament_cmake: 1.3.4 (/opt/ros/humble/share/ament_cmake/cmake)
[0.601s] -- Found diagnostic_updater: 3.1.2 (/opt/ros/humble/share/diagnostic_updater/cmake)
[0.639s] -- Found rosidl_generator_c: 3.1.4 (/opt/ros/humble/share/rosidl_generator_c/cmake)
[0.643s] -- Found rosidl_adapter: 3.1.4 (/opt/ros/humble/share/rosidl_adapter/cmake)
[0.652s] -- Found rosidl_generator_cpp: 3.1.4 (/opt/ros/humble/share/rosidl_generator_cpp/cmake)
[0.671s] -- Using all available rosidl_typesupport_c: rosidl_typesupport_fastrtps_c;rosidl_typesupport_introspection_c
[0.693s] -- Using all available rosidl_typesupport_cpp: rosidl_typesupport_fastrtps_cpp;rosidl_typesupport_introspection_cpp
[0.950s] -- Found rmw_implementation_cmake: 6.1.1 (/opt/ros/humble/share/rmw_implementation_cmake/cmake)
[0.951s] -- Found rmw_fastrtps_cpp: 6.2.2 (/opt/ros/humble/share/rmw_fastrtps_cpp/cmake)
[1.088s] -- Using RMW implementation 'rmw_fastrtps_cpp' as default
[1.225s] -- Found geometry_msgs: 4.2.3 (/opt/ros/humble/share/geometry_msgs/cmake)
[1.262s] -- Found nav_msgs: 4.2.3 (/opt/ros/humble/share/nav_msgs/cmake)
[1.337s] -- Found rosidl_default_generators: 1.2.0 (/opt/ros/humble/share/rosidl_default_generators/cmake)
[1.343s] -- Found sensor_msgs: 4.2.3 (/opt/ros/humble/share/sensor_msgs/cmake)
[1.418s] -- Found tf2: 0.25.2 (/opt/ros/humble/share/tf2/cmake)
[1.425s] -- Found tf2_ros: 0.25.2 (/opt/ros/humble/share/tf2_ros/cmake)
[1.721s] -- Found visualization_msgs: 4.2.3 (/opt/ros/humble/share/visualization_msgs/cmake)
[2.222s] -- Found ament_cmake_ros: 0.10.0 (/opt/ros/humble/share/ament_cmake_ros/cmake)
[2.610s] -- Using all available rosidl_typesupport_c: rosidl_typesupport_fastrtps_c;rosidl_typesupport_introspection_c
[2.762s] -- Using all available rosidl_typesupport_cpp: rosidl_typesupport_fastrtps_cpp;rosidl_typesupport_introspection_cpp
[2.781s] -- Found python_cmake_module: 0.10.0 (/opt/ros/humble/share/python_cmake_module/cmake)
[2.799s] -- Using PYTHON_EXECUTABLE: /usr/bin/python3
[2.799s] -- Using PYTHON_INCLUDE_DIRS: /usr/include/python3.10
[2.799s] -- Using PYTHON_LIBRARIES: /usr/lib/x86_64-linux-gnu/libpython3.10.so
[2.846s] [31mCMake Error at CMakeLists.txt:330 (if):
[2.846s]   if given arguments:
[2.846s] 
[2.846s]     "Build sick_scan_xd with LDMRS support (ON, libsick_ldmrs from https://github.com/SICKAG/libsick_ldmrs required) or without LDMRS support (OFF)" "OFF" "OR" "BUILD_WITH_LDMRS_SUPPORT" "EQUAL" "ON"
[2.846s] 
[2.846s]   Unknown arguments specified
[2.846s] 
[2.846s] [0m
[2.847s] -- Configuring incomplete, errors occurred!
[2.847s] See also "/workspaces/test_ws/lanarvi/build/sick_scan/CMakeFiles/CMakeOutput.log".
