[0.432s] Invoking command in '/workspaces/test_ws/lanarvi/build/pointcloud_pipeline': CMAKE_PREFIX_PATH=/opt/ros/humble /usr/bin/cmake /workspaces/test_ws/lanarvi/src/pointcloud_pipeline -DCMAKE_INSTALL_PREFIX=/workspaces/test_ws/lanarvi/install/pointcloud_pipeline
[0.471s] -- The C compiler identification is GNU 11.3.0
[0.525s] -- The CXX compiler identification is GNU 11.3.0
[0.531s] -- Detecting C compiler ABI info
[0.584s] -- Detecting C compiler ABI info - done
[0.594s] -- Check for working C compiler: /usr/bin/cc - skipped
[0.594s] -- Detecting C compile features
[0.595s] -- Detecting C compile features - done
[0.599s] -- Detecting CXX compiler ABI info
[0.664s] -- Detecting CXX compiler ABI info - done
[0.671s] -- Check for working CXX compiler: /usr/bin/c++ - skipped
[0.671s] -- Detecting CXX compile features
[0.672s] -- Detecting CXX compile features - done
[0.673s] -- Found ament_cmake: 1.3.4 (/opt/ros/humble/share/ament_cmake/cmake)
[0.821s] -- Found Python3: /usr/bin/python3.10 (found version "3.10.6") found components: Interpreter 
[0.902s] -- Found rclcpp: 16.0.4 (/opt/ros/humble/share/rclcpp/cmake)
[0.942s] -- Found rosidl_generator_c: 3.1.4 (/opt/ros/humble/share/rosidl_generator_c/cmake)
[0.949s] -- Found rosidl_adapter: 3.1.4 (/opt/ros/humble/share/rosidl_adapter/cmake)
[0.960s] -- Found rosidl_generator_cpp: 3.1.4 (/opt/ros/humble/share/rosidl_generator_cpp/cmake)
[0.978s] -- Using all available rosidl_typesupport_c: rosidl_typesupport_fastrtps_c;rosidl_typesupport_introspection_c
[0.999s] -- Using all available rosidl_typesupport_cpp: rosidl_typesupport_fastrtps_cpp;rosidl_typesupport_introspection_cpp
[1.058s] -- Found rmw_implementation_cmake: 6.1.1 (/opt/ros/humble/share/rmw_implementation_cmake/cmake)
[1.060s] -- Found rmw_fastrtps_cpp: 6.2.2 (/opt/ros/humble/share/rmw_fastrtps_cpp/cmake)
[1.142s] -- Found OpenSSL: /usr/lib/x86_64-linux-gnu/libcrypto.so (found version "3.0.2")  
[1.164s] -- Found FastRTPS: /opt/ros/humble/include  
[1.207s] -- Using RMW implementation 'rmw_fastrtps_cpp' as default
[1.215s] -- Looking for pthread.h
[1.264s] -- Looking for pthread.h - found
[1.264s] -- Performing Test CMAKE_HAVE_LIBC_PTHREAD
[1.319s] -- Performing Test CMAKE_HAVE_LIBC_PTHREAD - Success
[1.320s] -- Found Threads: TRUE  
[1.524s] -- Found sensor_msgs: 4.2.3 (/opt/ros/humble/share/sensor_msgs/cmake)
[1.662s] -- Found tf2_ros: 0.25.2 (/opt/ros/humble/share/tf2_ros/cmake)
[1.979s] -- Found pcl_ros: 2.4.0 (/opt/ros/humble/share/pcl_ros/cmake)
[2.315s] -- Found eigen3_cmake_module: 0.1.1 (/opt/ros/humble/share/eigen3_cmake_module/cmake)
[2.318s] -- Found Eigen3: TRUE (found version "3.4.0") 
[2.318s] -- Ensuring Eigen3 include directory is part of orocos-kdl CMake target
[2.362s] -- Checking for module 'eigen3'
[2.377s] --   Found eigen3, version 3.4.0
[2.403s] -- Found Eigen: /usr/include/eigen3 (Required is at least version "3.1") 
[2.403s] -- Eigen found (include: /usr/include/eigen3, version: 3.4.0)
[2.451s] -- Checking for module 'flann'
[2.464s] --   Found flann, version 1.9.1
[2.500s] -- Found FLANN: /usr/lib/x86_64-linux-gnu/libflann_cpp.so  
[2.500s] -- FLANN found (include: /usr/include, lib: /usr/lib/x86_64-linux-gnu/libflann_cpp.so)
[3.447s] -- Checking for module 'libusb-1.0'
[3.464s] --   Found libusb-1.0, version 1.0.25
[3.502s] -- Found libusb: /usr/lib/x86_64-linux-gnu/libusb-1.0.so  
[3.503s] -- OpenNI found (version: 1.5.4.0, include: /usr/include/ni, lib: /usr/lib/libOpenNI.so;libusb::libusb)
[3.553s] -- OpenNI2 found (version: 2.2.0.33, include: /usr/include/openni2, lib: /usr/lib/x86_64-linux-gnu/libOpenNI2.so;libusb::libusb)
[3.686s] -- Eigen found (include: /usr/include/eigen3, version: 3.4.0)
[3.692s] -- OpenNI found (version: 1.5.4.0, include: /usr/include/ni, lib: /usr/lib/libOpenNI.so;libusb::libusb)
[3.698s] -- OpenNI2 found (version: 2.2.0.33, include: /usr/include/openni2, lib: /usr/lib/x86_64-linux-gnu/libOpenNI2.so;libusb::libusb)
[3.833s] -- Found Qhull version 8.0.2
[3.953s] -- OpenNI found (version: 1.5.4.0, include: /usr/include/ni, lib: /usr/lib/libOpenNI.so;libusb::libusb)
[4.101s] -- Found PCL_COMMON: /usr/lib/x86_64-linux-gnu/libpcl_common.so  
[4.102s] -- Found PCL_KDTREE: /usr/lib/x86_64-linux-gnu/libpcl_kdtree.so  
[4.103s] -- Found PCL_OCTREE: /usr/lib/x86_64-linux-gnu/libpcl_octree.so  
[4.104s] -- Found PCL_SEARCH: /usr/lib/x86_64-linux-gnu/libpcl_search.so  
[4.106s] -- Found PCL_SAMPLE_CONSENSUS: /usr/lib/x86_64-linux-gnu/libpcl_sample_consensus.so  
[4.107s] -- Found PCL_FILTERS: /usr/lib/x86_64-linux-gnu/libpcl_filters.so  
[4.107s] -- Found PCL_2D: /usr/include/pcl-1.12  
[4.108s] -- Found PCL_GEOMETRY: /usr/include/pcl-1.12  
[4.109s] -- Found PCL_IO: /usr/lib/x86_64-linux-gnu/libpcl_io.so  
[4.111s] -- Found PCL_FEATURES: /usr/lib/x86_64-linux-gnu/libpcl_features.so  
[4.112s] -- Found PCL_ML: /usr/lib/x86_64-linux-gnu/libpcl_ml.so  
[4.113s] -- Found PCL_SEGMENTATION: /usr/lib/x86_64-linux-gnu/libpcl_segmentation.so  
[4.114s] -- Found PCL_VISUALIZATION: /usr/lib/x86_64-linux-gnu/libpcl_visualization.so  
[4.116s] -- Found PCL_SURFACE: /usr/lib/x86_64-linux-gnu/libpcl_surface.so  
[4.117s] -- Found PCL_REGISTRATION: /usr/lib/x86_64-linux-gnu/libpcl_registration.so  
[4.119s] -- Found PCL_KEYPOINTS: /usr/lib/x86_64-linux-gnu/libpcl_keypoints.so  
[4.121s] -- Found PCL_TRACKING: /usr/lib/x86_64-linux-gnu/libpcl_tracking.so  
[4.123s] -- Found PCL_RECOGNITION: /usr/lib/x86_64-linux-gnu/libpcl_recognition.so  
[4.125s] -- Found PCL_STEREO: /usr/lib/x86_64-linux-gnu/libpcl_stereo.so  
[4.126s] -- Found PCL_APPS: /usr/lib/x86_64-linux-gnu/libpcl_apps.so  
[4.127s] -- Found PCL_IN_HAND_SCANNER: /usr/include/pcl-1.12  
[4.127s] -- Found PCL_MODELER: /usr/include/pcl-1.12  
[4.128s] -- Found PCL_POINT_CLOUD_EDITOR: /usr/include/pcl-1.12  
[4.129s] -- Found PCL_OUTOFCORE: /usr/lib/x86_64-linux-gnu/libpcl_outofcore.so  
[4.131s] -- Found PCL_PEOPLE: /usr/lib/x86_64-linux-gnu/libpcl_people.so  
[4.147s] -- Found tf2_eigen: 0.25.2 (/opt/ros/humble/share/tf2_eigen/cmake)
[4.155s] [33mCMake Warning (dev) at CMakeLists.txt:28 (find_package):
[4.155s]   Policy CMP0074 is not set: find_package uses <PackageName>_ROOT variables.
[4.155s]   Run "cmake --help-policy CMP0074" for policy details.  Use the cmake_policy
[4.155s]   command to set the policy and suppress this warning.
[4.155s] 
[4.155s]   CMake variable PCL_ROOT is set to:
[4.155s] 
[4.155s]     /usr
[4.155s] 
[4.155s]   For compatibility, CMake is ignoring the variable.
[4.155s] This warning is for project developers.  Use -Wno-dev to suppress it.
[4.156s] [0m
[4.168s] -- Found ament_lint_auto: 0.12.6 (/opt/ros/humble/share/ament_lint_auto/cmake)
[4.224s] -- Configuring done
[4.268s] -- Generating done
[4.270s] -- Build files have been written to: /workspaces/test_ws/lanarvi/build/pointcloud_pipeline
