[0.047s] Invoking command in '/workspaces/test_ws/lanarvi/build/ros2_socketcan_msgs': CMAKE_PREFIX_PATH=/opt/ros/humble /usr/bin/cmake --build /workspaces/test_ws/lanarvi/build/ros2_socketcan_msgs -- -j16 -l16
[0.472s] [  3%] [34m[1mGenerating C code for ROS interfaces[0m
[0.472s] [  6%] [34m[1mGenerating C++ code for ROS interfaces[0m
[0.473s] [  6%] Built target ament_cmake_python_copy_ros2_socketcan_msgs
[0.474s] running egg_info
[0.474s] creating ros2_socketcan_msgs.egg-info
[0.475s] writing ros2_socketcan_msgs.egg-info/PKG-INFO
[0.475s] writing dependency_links to ros2_socketcan_msgs.egg-info/dependency_links.txt
[0.475s] writing top-level names to ros2_socketcan_msgs.egg-info/top_level.txt
[0.475s] writing manifest file 'ros2_socketcan_msgs.egg-info/SOURCES.txt'
[0.475s] reading manifest file 'ros2_socketcan_msgs.egg-info/SOURCES.txt'
[0.476s] writing manifest file 'ros2_socketcan_msgs.egg-info/SOURCES.txt'
[0.476s] [  6%] Built target ros2_socketcan_msgs__cpp
[0.476s] [  6%] Built target ament_cmake_python_build_ros2_socketcan_msgs_egg
[0.476s] [  9%] [34m[1mGenerating C++ type support for eProsima Fast-RTPS[0m
[0.478s] [ 12%] [34m[1mGenerating C++ introspection for ROS interfaces[0m
[0.479s] [ 16%] [34m[1mGenerating C++ type support dispatch for ROS interfaces[0m
[0.479s] [ 19%] [32mBuilding C object CMakeFiles/ros2_socketcan_msgs__rosidl_generator_c.dir/rosidl_generator_c/ros2_socketcan_msgs/msg/detail/fd_frame__functions.c.o[0m
[0.480s] [ 22%] [32m[1mLinking C shared library libros2_socketcan_msgs__rosidl_generator_c.so[0m
[0.480s] [ 22%] Built target ros2_socketcan_msgs__rosidl_generator_c
[0.480s] [ 29%] [34m[1mGenerating C introspection for ROS interfaces[0m
[0.481s] [ 29%] [34m[1mGenerating C type support dispatch for ROS interfaces[0m
[0.481s] [ 32%] [34m[1mGenerating C type support for eProsima Fast-RTPS[0m
[0.485s] [ 35%] [32mBuilding CXX object CMakeFiles/ros2_socketcan_msgs__rosidl_typesupport_cpp.dir/rosidl_typesupport_cpp/ros2_socketcan_msgs/msg/fd_frame__type_support.cpp.o[0m
[0.517s] [ 38%] [32mBuilding CXX object CMakeFiles/ros2_socketcan_msgs__rosidl_typesupport_fastrtps_cpp.dir/rosidl_typesupport_fastrtps_cpp/ros2_socketcan_msgs/msg/detail/dds_fastrtps/fd_frame__type_support.cpp.o[0m
[0.528s] [ 41%] [32mBuilding CXX object CMakeFiles/ros2_socketcan_msgs__rosidl_typesupport_introspection_cpp.dir/rosidl_typesupport_introspection_cpp/ros2_socketcan_msgs/msg/detail/fd_frame__type_support.cpp.o[0m
[0.592s] [ 45%] [32mBuilding CXX object CMakeFiles/ros2_socketcan_msgs__rosidl_typesupport_c.dir/rosidl_typesupport_c/ros2_socketcan_msgs/msg/fd_frame__type_support.cpp.o[0m
[0.628s] [ 48%] [32m[1mLinking CXX shared library libros2_socketcan_msgs__rosidl_typesupport_c.so[0m
[0.684s] [ 48%] Built target ros2_socketcan_msgs__rosidl_typesupport_c
[0.733s] [ 51%] [32m[1mLinking CXX shared library libros2_socketcan_msgs__rosidl_typesupport_cpp.so[0m
[0.737s] [ 54%] [32mBuilding CXX object CMakeFiles/ros2_socketcan_msgs__rosidl_typesupport_fastrtps_c.dir/rosidl_typesupport_fastrtps_c/ros2_socketcan_msgs/msg/detail/fd_frame__type_support_c.cpp.o[0m
[0.740s] [ 58%] [32mBuilding C object CMakeFiles/ros2_socketcan_msgs__rosidl_typesupport_introspection_c.dir/rosidl_typesupport_introspection_c/ros2_socketcan_msgs/msg/detail/fd_frame__type_support.c.o[0m
[0.768s] [ 58%] Built target ros2_socketcan_msgs__rosidl_typesupport_cpp
[0.783s] [ 61%] [32m[1mLinking C shared library libros2_socketcan_msgs__rosidl_typesupport_introspection_c.so[0m
[0.806s] [ 61%] Built target ros2_socketcan_msgs__rosidl_typesupport_introspection_c
[0.911s] [ 64%] [32m[1mLinking CXX shared library libros2_socketcan_msgs__rosidl_typesupport_fastrtps_cpp.so[0m
[0.980s] [ 64%] Built target ros2_socketcan_msgs__rosidl_typesupport_fastrtps_cpp
[1.018s] [ 67%] [32m[1mLinking CXX shared library libros2_socketcan_msgs__rosidl_typesupport_fastrtps_c.so[0m
[1.066s] [ 70%] [32m[1mLinking CXX shared library libros2_socketcan_msgs__rosidl_typesupport_introspection_cpp.so[0m
[1.099s] [ 70%] Built target ros2_socketcan_msgs__rosidl_typesupport_fastrtps_c
[1.142s] [ 70%] Built target ros2_socketcan_msgs__rosidl_typesupport_introspection_cpp
[1.155s] [ 70%] Built target ros2_socketcan_msgs
[1.169s] [ 74%] [34m[1mGenerating Python code for ROS interfaces[0m
[1.426s] [ 74%] Built target ros2_socketcan_msgs__py
[1.441s] [ 77%] [32mBuilding C object CMakeFiles/ros2_socketcan_msgs__rosidl_generator_py.dir/rosidl_generator_py/ros2_socketcan_msgs/msg/_fd_frame_s.c.o[0m
[1.522s] [ 80%] [32m[1mLinking C shared library rosidl_generator_py/ros2_socketcan_msgs/libros2_socketcan_msgs__rosidl_generator_py.so[0m
[1.550s] [ 80%] Built target ros2_socketcan_msgs__rosidl_generator_py
[1.563s] [ 90%] [32mBuilding C object CMakeFiles/ros2_socketcan_msgs__rosidl_typesupport_introspection_c__pyext.dir/rosidl_generator_py/ros2_socketcan_msgs/_ros2_socketcan_msgs_s.ep.rosidl_typesupport_introspection_c.c.o[0m
[1.563s] [ 90%] [32mBuilding C object CMakeFiles/ros2_socketcan_msgs__rosidl_typesupport_c__pyext.dir/rosidl_generator_py/ros2_socketcan_msgs/_ros2_socketcan_msgs_s.ep.rosidl_typesupport_c.c.o[0m
[1.563s] [ 90%] [32mBuilding C object CMakeFiles/ros2_socketcan_msgs__rosidl_typesupport_fastrtps_c__pyext.dir/rosidl_generator_py/ros2_socketcan_msgs/_ros2_socketcan_msgs_s.ep.rosidl_typesupport_fastrtps_c.c.o[0m
[1.639s] [100%] [32m[1mLinking C shared library rosidl_generator_py/ros2_socketcan_msgs/ros2_socketcan_msgs_s__rosidl_typesupport_c.cpython-310-x86_64-linux-gnu.so[0m
[1.639s] [100%] [32m[1mLinking C shared library rosidl_generator_py/ros2_socketcan_msgs/ros2_socketcan_msgs_s__rosidl_typesupport_fastrtps_c.cpython-310-x86_64-linux-gnu.so[0m
[1.639s] [100%] [32m[1mLinking C shared library rosidl_generator_py/ros2_socketcan_msgs/ros2_socketcan_msgs_s__rosidl_typesupport_introspection_c.cpython-310-x86_64-linux-gnu.so[0m
[1.666s] [100%] Built target ros2_socketcan_msgs__rosidl_typesupport_introspection_c__pyext
[1.666s] [100%] Built target ros2_socketcan_msgs__rosidl_typesupport_c__pyext
[1.666s] [100%] Built target ros2_socketcan_msgs__rosidl_typesupport_fastrtps_c__pyext
