[0.844s] Invoking command in '/workspaces/test_ws/lanarvi/src/nmea_navsat_driver': PYTHONPATH=/workspaces/test_ws/lanarvi/build/nmea_navsat_driver/prefix_override:/workspaces/test_ws/lanarvi/install/nmea_navsat_driver/lib/python3.10/site-packages:${PYTHONPATH} /usr/bin/python3 setup.py egg_info --egg-base ../../build/nmea_navsat_driver build --build-base /workspaces/test_ws/lanarvi/build/nmea_navsat_driver/build install --record /workspaces/test_ws/lanarvi/build/nmea_navsat_driver/install.log --single-version-externally-managed
[1.073s] running egg_info
[1.074s] creating ../../build/nmea_navsat_driver/nmea_navsat_driver.egg-info
[1.074s] writing ../../build/nmea_navsat_driver/nmea_navsat_driver.egg-info/PKG-INFO
[1.074s] writing dependency_links to ../../build/nmea_navsat_driver/nmea_navsat_driver.egg-info/dependency_links.txt
[1.074s] writing entry points to ../../build/nmea_navsat_driver/nmea_navsat_driver.egg-info/entry_points.txt
[1.074s] writing requirements to ../../build/nmea_navsat_driver/nmea_navsat_driver.egg-info/requires.txt
[1.074s] writing top-level names to ../../build/nmea_navsat_driver/nmea_navsat_driver.egg-info/top_level.txt
[1.074s] writing manifest file '../../build/nmea_navsat_driver/nmea_navsat_driver.egg-info/SOURCES.txt'
[1.076s] reading manifest file '../../build/nmea_navsat_driver/nmea_navsat_driver.egg-info/SOURCES.txt'
[1.076s] writing manifest file '../../build/nmea_navsat_driver/nmea_navsat_driver.egg-info/SOURCES.txt'
[1.077s] running build
[1.077s] running build_py
[1.077s] creating /workspaces/test_ws/lanarvi/build/nmea_navsat_driver/build
[1.077s] creating /workspaces/test_ws/lanarvi/build/nmea_navsat_driver/build/lib
[1.077s] creating /workspaces/test_ws/lanarvi/build/nmea_navsat_driver/build/lib/libnmea_navsat_driver
[1.077s] copying src/libnmea_navsat_driver/checksum_utils.py -> /workspaces/test_ws/lanarvi/build/nmea_navsat_driver/build/lib/libnmea_navsat_driver
[1.077s] copying src/libnmea_navsat_driver/__init__.py -> /workspaces/test_ws/lanarvi/build/nmea_navsat_driver/build/lib/libnmea_navsat_driver
[1.077s] copying src/libnmea_navsat_driver/parser.py -> /workspaces/test_ws/lanarvi/build/nmea_navsat_driver/build/lib/libnmea_navsat_driver
[1.077s] copying src/libnmea_navsat_driver/driver.py -> /workspaces/test_ws/lanarvi/build/nmea_navsat_driver/build/lib/libnmea_navsat_driver
[1.078s] creating /workspaces/test_ws/lanarvi/build/nmea_navsat_driver/build/lib/libnmea_navsat_driver/nodes
[1.078s] copying src/libnmea_navsat_driver/nodes/nmea_tcpclient_driver.py -> /workspaces/test_ws/lanarvi/build/nmea_navsat_driver/build/lib/libnmea_navsat_driver/nodes
[1.078s] copying src/libnmea_navsat_driver/nodes/nmea_topic_driver.py -> /workspaces/test_ws/lanarvi/build/nmea_navsat_driver/build/lib/libnmea_navsat_driver/nodes
[1.078s] copying src/libnmea_navsat_driver/nodes/__init__.py -> /workspaces/test_ws/lanarvi/build/nmea_navsat_driver/build/lib/libnmea_navsat_driver/nodes
[1.078s] copying src/libnmea_navsat_driver/nodes/nmea_socket_driver.py -> /workspaces/test_ws/lanarvi/build/nmea_navsat_driver/build/lib/libnmea_navsat_driver/nodes
[1.078s] copying src/libnmea_navsat_driver/nodes/nmea_serial_driver.py -> /workspaces/test_ws/lanarvi/build/nmea_navsat_driver/build/lib/libnmea_navsat_driver/nodes
[1.078s] copying src/libnmea_navsat_driver/nodes/nmea_topic_serial_reader.py -> /workspaces/test_ws/lanarvi/build/nmea_navsat_driver/build/lib/libnmea_navsat_driver/nodes
[1.078s] running install
[1.078s] /usr/lib/python3/dist-packages/setuptools/command/install.py:34: SetuptoolsDeprecationWarning: setup.py install is deprecated. Use build and pip and other standards-based tools.
[1.079s]   warnings.warn(
[1.079s] running install_lib
[1.080s] creating /workspaces/test_ws/lanarvi/install/nmea_navsat_driver/lib/python3.10/site-packages/libnmea_navsat_driver
[1.080s] creating /workspaces/test_ws/lanarvi/install/nmea_navsat_driver/lib/python3.10/site-packages/libnmea_navsat_driver/nodes
[1.080s] copying /workspaces/test_ws/lanarvi/build/nmea_navsat_driver/build/lib/libnmea_navsat_driver/nodes/nmea_tcpclient_driver.py -> /workspaces/test_ws/lanarvi/install/nmea_navsat_driver/lib/python3.10/site-packages/libnmea_navsat_driver/nodes
[1.081s] copying /workspaces/test_ws/lanarvi/build/nmea_navsat_driver/build/lib/libnmea_navsat_driver/nodes/nmea_topic_driver.py -> /workspaces/test_ws/lanarvi/install/nmea_navsat_driver/lib/python3.10/site-packages/libnmea_navsat_driver/nodes
[1.081s] copying /workspaces/test_ws/lanarvi/build/nmea_navsat_driver/build/lib/libnmea_navsat_driver/nodes/__init__.py -> /workspaces/test_ws/lanarvi/install/nmea_navsat_driver/lib/python3.10/site-packages/libnmea_navsat_driver/nodes
[1.081s] copying /workspaces/test_ws/lanarvi/build/nmea_navsat_driver/build/lib/libnmea_navsat_driver/nodes/nmea_socket_driver.py -> /workspaces/test_ws/lanarvi/install/nmea_navsat_driver/lib/python3.10/site-packages/libnmea_navsat_driver/nodes
[1.081s] copying /workspaces/test_ws/lanarvi/build/nmea_navsat_driver/build/lib/libnmea_navsat_driver/nodes/nmea_serial_driver.py -> /workspaces/test_ws/lanarvi/install/nmea_navsat_driver/lib/python3.10/site-packages/libnmea_navsat_driver/nodes
[1.081s] copying /workspaces/test_ws/lanarvi/build/nmea_navsat_driver/build/lib/libnmea_navsat_driver/nodes/nmea_topic_serial_reader.py -> /workspaces/test_ws/lanarvi/install/nmea_navsat_driver/lib/python3.10/site-packages/libnmea_navsat_driver/nodes
[1.082s] copying /workspaces/test_ws/lanarvi/build/nmea_navsat_driver/build/lib/libnmea_navsat_driver/checksum_utils.py -> /workspaces/test_ws/lanarvi/install/nmea_navsat_driver/lib/python3.10/site-packages/libnmea_navsat_driver
[1.082s] copying /workspaces/test_ws/lanarvi/build/nmea_navsat_driver/build/lib/libnmea_navsat_driver/__init__.py -> /workspaces/test_ws/lanarvi/install/nmea_navsat_driver/lib/python3.10/site-packages/libnmea_navsat_driver
[1.082s] copying /workspaces/test_ws/lanarvi/build/nmea_navsat_driver/build/lib/libnmea_navsat_driver/parser.py -> /workspaces/test_ws/lanarvi/install/nmea_navsat_driver/lib/python3.10/site-packages/libnmea_navsat_driver
[1.082s] copying /workspaces/test_ws/lanarvi/build/nmea_navsat_driver/build/lib/libnmea_navsat_driver/driver.py -> /workspaces/test_ws/lanarvi/install/nmea_navsat_driver/lib/python3.10/site-packages/libnmea_navsat_driver
[1.082s] byte-compiling /workspaces/test_ws/lanarvi/install/nmea_navsat_driver/lib/python3.10/site-packages/libnmea_navsat_driver/nodes/nmea_tcpclient_driver.py to nmea_tcpclient_driver.cpython-310.pyc
[1.082s] byte-compiling /workspaces/test_ws/lanarvi/install/nmea_navsat_driver/lib/python3.10/site-packages/libnmea_navsat_driver/nodes/nmea_topic_driver.py to nmea_topic_driver.cpython-310.pyc
[1.082s] byte-compiling /workspaces/test_ws/lanarvi/install/nmea_navsat_driver/lib/python3.10/site-packages/libnmea_navsat_driver/nodes/__init__.py to __init__.cpython-310.pyc
[1.082s] byte-compiling /workspaces/test_ws/lanarvi/install/nmea_navsat_driver/lib/python3.10/site-packages/libnmea_navsat_driver/nodes/nmea_socket_driver.py to nmea_socket_driver.cpython-310.pyc
[1.082s] byte-compiling /workspaces/test_ws/lanarvi/install/nmea_navsat_driver/lib/python3.10/site-packages/libnmea_navsat_driver/nodes/nmea_serial_driver.py to nmea_serial_driver.cpython-310.pyc
[1.082s] byte-compiling /workspaces/test_ws/lanarvi/install/nmea_navsat_driver/lib/python3.10/site-packages/libnmea_navsat_driver/nodes/nmea_topic_serial_reader.py to nmea_topic_serial_reader.cpython-310.pyc
[1.083s] byte-compiling /workspaces/test_ws/lanarvi/install/nmea_navsat_driver/lib/python3.10/site-packages/libnmea_navsat_driver/checksum_utils.py to checksum_utils.cpython-310.pyc
[1.083s] byte-compiling /workspaces/test_ws/lanarvi/install/nmea_navsat_driver/lib/python3.10/site-packages/libnmea_navsat_driver/__init__.py to __init__.cpython-310.pyc
[1.083s] byte-compiling /workspaces/test_ws/lanarvi/install/nmea_navsat_driver/lib/python3.10/site-packages/libnmea_navsat_driver/parser.py to parser.cpython-310.pyc
[1.083s] byte-compiling /workspaces/test_ws/lanarvi/install/nmea_navsat_driver/lib/python3.10/site-packages/libnmea_navsat_driver/driver.py to driver.cpython-310.pyc
[1.084s] running install_data
[1.085s] creating /workspaces/test_ws/lanarvi/install/nmea_navsat_driver/share/ament_index
[1.085s] creating /workspaces/test_ws/lanarvi/install/nmea_navsat_driver/share/ament_index/resource_index
[1.085s] creating /workspaces/test_ws/lanarvi/install/nmea_navsat_driver/share/ament_index/resource_index/packages
[1.085s] copying resource/nmea_navsat_driver -> /workspaces/test_ws/lanarvi/install/nmea_navsat_driver/share/ament_index/resource_index/packages
[1.085s] copying package.xml -> /workspaces/test_ws/lanarvi/install/nmea_navsat_driver/share/nmea_navsat_driver
[1.085s] creating /workspaces/test_ws/lanarvi/install/nmea_navsat_driver/share/nmea_navsat_driver/launch
[1.086s] copying launch/nmea_socket_driver.launch.py -> /workspaces/test_ws/lanarvi/install/nmea_navsat_driver/share/nmea_navsat_driver/launch
[1.086s] copying launch/nmea_tcpclient_driver.launch.py -> /workspaces/test_ws/lanarvi/install/nmea_navsat_driver/share/nmea_navsat_driver/launch
[1.086s] copying launch/nmea_serial_driver.launch.py -> /workspaces/test_ws/lanarvi/install/nmea_navsat_driver/share/nmea_navsat_driver/launch
[1.086s] copying launch/nmea_socket_driver.launch.py -> /workspaces/test_ws/lanarvi/install/nmea_navsat_driver/share/nmea_navsat_driver
[1.086s] copying launch/nmea_tcpclient_driver.launch.py -> /workspaces/test_ws/lanarvi/install/nmea_navsat_driver/share/nmea_navsat_driver
[1.086s] copying launch/nmea_serial_driver.launch.py -> /workspaces/test_ws/lanarvi/install/nmea_navsat_driver/share/nmea_navsat_driver
[1.086s] creating /workspaces/test_ws/lanarvi/install/nmea_navsat_driver/share/nmea_navsat_driver/config
[1.086s] copying config/nmea_serial_driver.yaml -> /workspaces/test_ws/lanarvi/install/nmea_navsat_driver/share/nmea_navsat_driver/config
[1.086s] copying config/nmea_tcpclient_driver.yaml -> /workspaces/test_ws/lanarvi/install/nmea_navsat_driver/share/nmea_navsat_driver/config
[1.086s] copying config/nmea_socket_driver.yaml -> /workspaces/test_ws/lanarvi/install/nmea_navsat_driver/share/nmea_navsat_driver/config
[1.086s] running install_egg_info
[1.087s] Copying ../../build/nmea_navsat_driver/nmea_navsat_driver.egg-info to /workspaces/test_ws/lanarvi/install/nmea_navsat_driver/lib/python3.10/site-packages/nmea_navsat_driver-2.0.0-py3.10.egg-info
[1.088s] running install_scripts
[1.104s] Installing nmea_serial_driver script to /workspaces/test_ws/lanarvi/install/nmea_navsat_driver/lib/nmea_navsat_driver
[1.105s] Installing nmea_socket_driver script to /workspaces/test_ws/lanarvi/install/nmea_navsat_driver/lib/nmea_navsat_driver
[1.105s] Installing nmea_tcpclient_driver script to /workspaces/test_ws/lanarvi/install/nmea_navsat_driver/lib/nmea_navsat_driver
[1.105s] Installing nmea_topic_driver script to /workspaces/test_ws/lanarvi/install/nmea_navsat_driver/lib/nmea_navsat_driver
[1.105s] Installing nmea_topic_serial_reader script to /workspaces/test_ws/lanarvi/install/nmea_navsat_driver/lib/nmea_navsat_driver
[1.105s] writing list of installed files to '/workspaces/test_ws/lanarvi/build/nmea_navsat_driver/install.log'
