-- The CXX compiler identification is GNU 11.3.0
-- The C compiler identification is GNU 11.3.0
-- Detecting CXX compiler ABI info
-- Detecting CXX compiler ABI info - done
-- Check for working CXX compiler: /usr/bin/c++ - skipped
-- Detecting CXX compile features
-- Detecting CXX compile features - done
-- Detecting C compiler ABI info
-- Detecting C compiler ABI info - done
-- Check for working C compiler: /usr/bin/cc - skipped
-- Detecting C compile features
-- Detecting C compile features - done
-- Found GTest: /usr/lib/x86_64-linux-gnu/cmake/GTest/GTestConfig.cmake (found version "1.11.0")  
-- Found ZLIB: /usr/lib/x86_64-linux-gnu/libz.so (found version "1.2.11") 
-- Found Threads: TRUE  
-- Configuring done
-- Generating done
-- Build files have been written to: /workspaces/test_ws/lanarvi/build/msgpack11
[  7%] [32mBuilding CXX object CMakeFiles/msgpack11.dir/msgpack11.cpp.o[0m
[ 14%] [32m[1mLinking CXX static library libmsgpack11.a[0m
[ 14%] Built target msgpack11
[ 35%] [32mBuilding CXX object test/CMakeFiles/array.dir/array.cpp.o[0m
[ 35%] [32mBuilding CXX object test/CMakeFiles/multi.dir/multi.cpp.o[0m
[ 35%] [32mBuilding CXX object test/CMakeFiles/raw.dir/raw.cpp.o[0m
[ 42%] [32mBuilding CXX object test/CMakeFiles/basic.dir/basic.cpp.o[0m
[ 50%] [32mBuilding CXX object test/CMakeFiles/object.dir/object.cpp.o[0m
[ 57%] [32mBuilding CXX object test/CMakeFiles/incomplete_data.dir/incomplete_data.cpp.o[0m
[ 64%] [32m[1mLinking CXX executable object[0m
[ 64%] Built target object
[ 71%] [32m[1mLinking CXX executable multi[0m
[ 78%] [32m[1mLinking CXX executable incomplete_data[0m
[ 78%] Built target multi
[ 78%] Built target incomplete_data
[ 85%] [32m[1mLinking CXX executable array[0m
[ 85%] Built target array
[ 92%] [32m[1mLinking CXX executable raw[0m
[ 92%] Built target raw
gmake[2]: *** [test/CMakeFiles/basic.dir/build.make:76: test/CMakeFiles/basic.dir/basic.cpp.o] Interrupt
gmake[1]: *** [CMakeFiles/Makefile2:162: test/CMakeFiles/basic.dir/all] Interrupt
gmake: *** [Makefile:146: all] Interrupt
